[18:12:39] [info]: Creating window TestWindow (1600, 900) (Window.cpp)
[18:12:40] [trace]: Loading model of resources/rock/rock.obj took 23.6 ms (Timer.h)
[18:12:40] [trace]: Loading model of resources/saber/lightsaber.fbx took 130.1 ms (Timer.h)
[18:12:40] [trace]:  Window::Init(const struct WindowProps &) took 209.7 ms (Timer.h)
[18:12:40] [trace]:  Setup() took 233.1 ms (Timer.h)
[18:12:40] [trace]: Cube Map took 176.5 ms (Timer.h)
[18:12:40] [trace]: Loading model of resources/backpack/backpack.obj took 535.1 ms (Timer.h)
[18:12:41] [trace]: OpenGL loading of Textures/Blueprint.jpg took 1.2 ms (Timer.h)
[18:12:41] [trace]: Loading the sphere took 0.1 ms (Timer.h)
[18:12:41] [trace]: Generating the mesh took 50.8 ms (Timer.h)
[18:12:41] [warning]: Uniform lightColor doesn't exist! (Shader.cpp)
[18:12:41] [warning]: Uniform lightColor doesn't exist! (Shader.cpp)
[18:12:41] [warning]: Uniform lightColor doesn't exist! (Shader.cpp)
[18:12:41] [warning]: Uniform height_scale doesn't exist! (Shader.cpp)
[18:12:41] [warning]: Uniform height_scale doesn't exist! (Shader.cpp)
[18:12:41] [warning]: Uniform material.shininess doesn't exist! (Shader.cpp)
[18:12:41] [trace]: OpenGL loading of resources/rock/rock.png took 1.3 ms (Timer.h)
[18:12:41] [trace]: OpenGL Loading rock took 1.8 ms (Timer.h)
[18:12:41] [trace]: OpenGL loading of resources/backpack/diffuse.jpg took 122.9 ms (Timer.h)
[18:12:41] [trace]: OpenGL loading of resources/backpack/specular.jpg took 184.1 ms (Timer.h)
[18:12:41] [trace]: OpenGL loading of resources/backpack/normal.png took 146.8 ms (Timer.h)
[18:12:41] [trace]: OpenGL loading of resources/backpack/white.png took 0.7 ms (Timer.h)
[18:12:41] [trace]: OpenGL Loading backpack took 457.7 ms (Timer.h)
[18:12:41] [trace]: OpenGL loading of Textures/FloorDiffuse.jpg took 1.0 ms (Timer.h)
[18:12:41] [trace]: OpenGL loading of Textures/FloorSpecular.png took 2.2 ms (Timer.h)
[18:12:41] [trace]: OpenGL loading of Textures/FloorNormal.jpg took 0.7 ms (Timer.h)
[18:12:41] [trace]: OpenGL loading of Textures/FloorDisplacement.jpg took 0.7 ms (Timer.h)
[18:12:41] [trace]: Whole setup took 1733.9 ms (Timer.h)
[18:12:42] [warning]: Uniform material.useTex doesn't exist! (Shader.cpp)
[18:12:42] [warning]: Uniform material.useTex doesn't exist! (Shader.cpp)
[18:12:42] [warning]: Uniform material.useTex doesn't exist! (Shader.cpp)
