[19:53:35] [info]: Creating window TestWindow (1600, 900) (Window.cpp)
[19:53:35] [trace]: Loading model of resources/rock/rock.obj took 43.5 ms (Timer.h)
[19:53:35] [trace]: Loading model of resources/saber/lightsaber.fbx took 188.8 ms (Timer.h)
[19:53:35] [trace]:  Window::Init(const struct WindowProps &) took 243.4 ms (Timer.h)
[19:53:35] [trace]:  Setup() took 276.1 ms (Timer.h)
[19:53:35] [trace]: Cube Map took 219.2 ms (Timer.h)
[19:53:36] [trace]: Loading model of resources/backpack/backpack.obj took 742.2 ms (Timer.h)
[19:53:36] [trace]: OpenGL loading of resources/Textures/Blueprint.jpg took 1.9 ms (Timer.h)
[19:53:36] [trace]: Loading the sphere took 0.3 ms (Timer.h)
[19:53:36] [trace]: Generating the mesh took 104.0 ms (Timer.h)
[19:53:36] [warning]: Uniform lightColor doesn't exist! (Shader.cpp)
[19:53:36] [warning]: Uniform far_plane doesn't exist! (Shader.cpp)
[19:53:36] [warning]: Uniform far_plane doesn't exist! (Shader.cpp)
[19:53:36] [trace]: OpenGL loading of resources/rock/rock.png took 1.5 ms (Timer.h)
[19:53:36] [trace]: OpenGL Loading rock took 4.7 ms (Timer.h)
[19:53:36] [trace]: OpenGL loading of resources/backpack/diffuse.jpg took 188.7 ms (Timer.h)
[19:53:37] [trace]: OpenGL loading of resources/backpack/specular.jpg took 163.0 ms (Timer.h)
[19:53:37] [trace]: OpenGL loading of resources/backpack/normal.png took 237.0 ms (Timer.h)
[19:53:37] [trace]: OpenGL loading of resources/backpack/white.png took 0.9 ms (Timer.h)
[19:53:37] [trace]: OpenGL Loading backpack took 636.2 ms (Timer.h)
[19:53:37] [trace]: OpenGL loading of resources/Textures/FloorDiffuse.jpg took 1.3 ms (Timer.h)
[19:53:37] [trace]: OpenGL loading of resources/Textures/FloorSpecular.png took 2.5 ms (Timer.h)
[19:53:37] [trace]: OpenGL loading of resources/Textures/FloorNormal.jpg took 1.4 ms (Timer.h)
[19:53:37] [trace]: OpenGL loading of resources/Textures/FloorDisplacement.jpg took 1.1 ms (Timer.h)
[19:53:37] [trace]: Whole setup took 1936.2 ms (Timer.h)
[19:53:37] [warning]: Uniform material.useTex doesn't exist! (Shader.cpp)
[19:53:37] [warning]: Uniform viewPos doesn't exist! (Shader.cpp)
[19:53:37] [warning]: Uniform viewPos doesn't exist! (Shader.cpp)
[19:53:37] [warning]: Uniform material.useTex doesn't exist! (Shader.cpp)
